<?xml version="1.0" encoding="UTF-8"?>
<!-- Generated by org.testng.reporters.JUnitReportReporter -->
<testsuite hostname="Anant" failures="0" tests="5" name="com.sauceDemo.testCases.TC006_LoginDDTTest" time="63.633" errors="0" timestamp="2025-10-03T23:55:43 IST" skipped="0">
  <testcase classname="com.sauceDemo.testCases.TC006_LoginDDTTest" name="testLoginDataDrivenTest" time="15.970"/>
  <testcase classname="com.sauceDemo.testCases.TC006_LoginDDTTest" name="testLoginDataDrivenTest" time="15.839"/>
  <testcase classname="com.sauceDemo.testCases.TC006_LoginDDTTest" name="testLoginDataDrivenTest" time="5.747"/>
  <testcase classname="com.sauceDemo.testCases.TC006_LoginDDTTest" name="testLoginDataDrivenTest" time="5.590"/>
  <testcase classname="com.sauceDemo.testCases.TC006_LoginDDTTest" name="testLoginDataDrivenTest" time="20.487"/>
</testsuite> <!-- com.sauceDemo.testCases.TC006_LoginDDTTest -->
