<?xml version="1.0" encoding="UTF-8"?>
<!-- Generated by org.testng.reporters.JUnitReportReporter -->
<testsuite hostname="LPBL4CQMLG3" failures="0" tests="1" name="com.sauceDemo.testsPractice.WindowHandlingTest" time="10.509" errors="0" timestamp="2025-07-21T11:08:52 IST" skipped="0">
  <testcase classname="com.sauceDemo.testsPractice.WindowHandlingTest" name="testWindowHandlingStandalone" time="10.509"/>
  <system-out/>
</testsuite> <!-- com.sauceDemo.testsPractice.WindowHandlingTest -->
