<?xml version="1.0" encoding="UTF-8"?>
<!-- Generated by org.testng.reporters.JUnitReportReporter -->
<testsuite hostname="Anant" failures="0" tests="2" name="com.sauceDemo.testCases.TC003_CheckoutTest" time="95.893" errors="0" timestamp="2025-10-10T11:54:58 IST" skipped="0">
  <testcase classname="com.sauceDemo.testCases.TC003_CheckoutTest" name="testSuccessfulProductCheckout" time="59.125"/>
  <testcase classname="com.sauceDemo.testCases.TC003_CheckoutTest" name="testCancelCheckoutFromInformationPage" time="36.768"/>
</testsuite> <!-- com.sauceDemo.testCases.TC003_CheckoutTest -->
