<?xml version="1.0" encoding="UTF-8"?>
<!-- Generated by org.testng.reporters.JUnitReportReporter -->
<testsuite hostname="Anant" failures="0" tests="1" name="com.sauceDemo.testCases.TC007_DashboardMenuTest" time="18.180" errors="0" timestamp="2025-10-03T23:55:43 IST" skipped="0">
  <testcase classname="com.sauceDemo.testCases.TC007_DashboardMenuTest" name="verifyHamburgerMenuItems" time="18.180"/>
</testsuite> <!-- com.sauceDemo.testCases.TC007_DashboardMenuTest -->
