<?xml version="1.0" encoding="UTF-8"?>
<!-- Generated by org.testng.reporters.JUnitReportReporter -->
<testsuite hostname="Anant" failures="0" tests="5" name="com.sauceDemo.testCases.TC006_LoginDDTTest" time="61.557" errors="0" timestamp="2025-10-10T11:54:58 IST" skipped="0">
  <testcase classname="com.sauceDemo.testCases.TC006_LoginDDTTest" name="testLoginDataDrivenTest" time="5.251"/>
  <testcase classname="com.sauceDemo.testCases.TC006_LoginDDTTest" name="testLoginDataDrivenTest" time="15.154"/>
  <testcase classname="com.sauceDemo.testCases.TC006_LoginDDTTest" name="testLoginDataDrivenTest" time="15.186"/>
  <testcase classname="com.sauceDemo.testCases.TC006_LoginDDTTest" name="testLoginDataDrivenTest" time="20.067"/>
  <testcase classname="com.sauceDemo.testCases.TC006_LoginDDTTest" name="testLoginDataDrivenTest" time="5.899"/>
</testsuite> <!-- com.sauceDemo.testCases.TC006_LoginDDTTest -->
