<?xml version="1.0" encoding="UTF-8"?>
<!-- Generated by org.testng.reporters.JUnitReportReporter -->
<testsuite hostname="LPBL4CQMLG3" failures="0" tests="1" name="com.sauceDemo.testsPractice.TestTitle" time="9.971" errors="0" timestamp="2025-07-21T11:52:32 IST" skipped="0">
  <testcase classname="com.sauceDemo.testsPractice.TestTitle" name="titleTest" time="9.971"/>
  <system-out/>
</testsuite> <!-- com.sauceDemo.testsPractice.TestTitle -->
