<?xml version="1.0" encoding="UTF-8"?>
<!-- Generated by org.testng.reporters.JUnitReportReporter -->
<testsuite hostname="Anant" failures="0" tests="3" name="com.sauceDemo.testCases.TC001_LoginTest" time="56.637" errors="0" timestamp="2025-10-10T11:54:58 IST" skipped="0">
  <testcase classname="com.sauceDemo.testCases.TC001_LoginTest" name="testSuccessfulLoginUser" time="21.175"/>
  <testcase classname="com.sauceDemo.testCases.TC001_LoginTest" name="testLoginProblemUser" time="15.447"/>
  <testcase classname="com.sauceDemo.testCases.TC001_LoginTest" name="testLoginPerformanceGlitchUser" time="20.015"/>
</testsuite> <!-- com.sauceDemo.testCases.TC001_LoginTest -->
