<?xml version="1.0" encoding="UTF-8"?>
<!-- Generated by org.testng.reporters.JUnitReportReporter -->
<testsuite hostname="Anant" failures="0" tests="1" name="com.sauceDemo.testCases.TC009_DynamicCheckoutInfoTest" time="69.661" errors="0" timestamp="2025-10-03T23:55:43 IST" skipped="0">
  <testcase classname="com.sauceDemo.testCases.TC009_DynamicCheckoutInfoTest" name="verifyPurchaseFlowWithFakerData" time="69.661"/>
</testsuite> <!-- com.sauceDemo.testCases.TC009_DynamicCheckoutInfoTest -->
