<?xml version="1.0" encoding="UTF-8"?>
<!-- Generated by org.testng.reporters.JUnitReportReporter -->
<testsuite hostname="Anant" failures="0" tests="1" name="com.sauceDemo.testCases.TC010_BuilderPatternCheckoutTest" time="58.188" errors="0" timestamp="2025-10-03T23:55:43 IST" skipped="0">
  <testcase classname="com.sauceDemo.testCases.TC010_BuilderPatternCheckoutTest" name="tc010_verifyPurchaseFlowWithBuilderData" time="58.188"/>
</testsuite> <!-- com.sauceDemo.testCases.TC010_BuilderPatternCheckoutTest -->
