<?xml version="1.0" encoding="UTF-8"?>
<!-- Generated by org.testng.reporters.JUnitReportReporter -->
<testsuite hostname="Anant" failures="0" tests="1" name="com.sauceDemo.testCases.TC012_WebDriverUtilsDemoTest" time="37.381" errors="0" timestamp="2025-10-03T23:55:43 IST" skipped="0">
  <testcase classname="com.sauceDemo.testCases.TC012_WebDriverUtilsDemoTest" name="demonstrateWebDriverUtils" time="37.381"/>
</testsuite> <!-- com.sauceDemo.testCases.TC012_WebDriverUtilsDemoTest -->
