<?xml version="1.0" encoding="UTF-8"?>
<!-- Generated by org.testng.reporters.JUnitReportReporter -->
<testsuite hostname="Anant" failures="0" tests="1" name="com.sauceDemo.testCases.TC007_DashboardMenuTest" time="17.365" errors="0" timestamp="2025-10-10T11:54:58 IST" skipped="0">
  <testcase classname="com.sauceDemo.testCases.TC007_DashboardMenuTest" name="verifyHamburgerMenuItems" time="17.365"/>
</testsuite> <!-- com.sauceDemo.testCases.TC007_DashboardMenuTest -->
