<?xml version="1.0" encoding="UTF-8"?>
<!-- Generated by org.testng.reporters.JUnitReportReporter -->
<testsuite hostname="Anant" failures="0" tests="1" name="com.sauceDemo.testCases.TC013_HyundaiWarrantyWindowHandling" time="44.197" errors="0" timestamp="2025-10-10T11:54:58 IST" skipped="0">
  <testcase classname="com.sauceDemo.testCases.TC013_HyundaiWarrantyWindowHandling" name="testHyundaiWarrantyLinkWindowHandling" time="44.197"/>
</testsuite> <!-- com.sauceDemo.testCases.TC013_HyundaiWarrantyWindowHandling -->
