<?xml version="1.0" encoding="UTF-8"?>
<!-- Generated by org.testng.reporters.JUnitReportReporter -->
<testsuite hostname="LPBL4CQMLG3" failures="0" tests="1" name="com.sauceDemo.testsPractice.StandaloneWindowTest" time="26.647" errors="0" timestamp="2025-07-21T10:13:14 IST" skipped="0">
  <testcase classname="com.sauceDemo.testsPractice.StandaloneWindowTest" name="testWindowHandlingStandalone" time="26.647"/>
  <system-out/>
</testsuite> <!-- com.sauceDemo.testsPractice.StandaloneWindowTest -->
