<?xml version="1.0" encoding="UTF-8"?>
<!-- Generated by org.testng.reporters.JUnitReportReporter -->
<testsuite hostname="Anant" failures="0" tests="1" name="com.sauceDemo.testsPractice.TestFeature" time="30.691" errors="0" timestamp="2025-09-17T00:25:15 IST" skipped="0">
  <testcase classname="com.sauceDemo.testsPractice.TestFeature" name="testTitle" time="30.691"/>
  <system-out/>
</testsuite> <!-- com.sauceDemo.testsPractice.TestFeature -->
