<?xml version="1.0" encoding="UTF-8"?>
<!-- Generated by org.testng.reporters.JUnitReportReporter -->
<testsuite hostname="LPBL4CQMLG3" failures="0" tests="1" name="com.sauceDemo.testsPractice.HyundaiFooterWindowTest" time="21.969" errors="0" timestamp="2025-07-21T13:44:06 IST" skipped="0">
  <testcase classname="com.sauceDemo.testsPractice.HyundaiFooterWindowTest" name="testHyundaiWarrantyLinkInNewTab" time="21.969"/>
  <system-out/>
</testsuite> <!-- com.sauceDemo.testsPractice.HyundaiFooterWindowTest -->
