<?xml version="1.0" encoding="UTF-8"?>
<!-- Generated by org.testng.reporters.JUnitReportReporter -->
<testsuite hostname="Anant" failures="0" tests="2" name="com.sauceDemo.testCases.TC002_ProductTest" time="33.630" errors="0" timestamp="2025-10-03T23:55:43 IST" skipped="0">
  <testcase classname="com.sauceDemo.testCases.TC002_ProductTest" name="testAddSingleProductToCart" time="16.758"/>
  <testcase classname="com.sauceDemo.testCases.TC002_ProductTest" name="testAddMultipleProductsToCart" time="16.872"/>
</testsuite> <!-- com.sauceDemo.testCases.TC002_ProductTest -->
