<?xml version="1.0" encoding="UTF-8"?>
<!-- Generated by org.testng.reporters.JUnitReportReporter -->
<testsuite hostname="Anant" failures="0" tests="2" name="com.sauceDemo.testCases.TC003_CheckoutTest" time="94.942" errors="0" timestamp="2025-10-03T23:55:43 IST" skipped="0">
  <testcase classname="com.sauceDemo.testCases.TC003_CheckoutTest" name="testSuccessfulProductCheckout" time="58.370"/>
  <testcase classname="com.sauceDemo.testCases.TC003_CheckoutTest" name="testCancelCheckoutFromInformationPage" time="36.572"/>
</testsuite> <!-- com.sauceDemo.testCases.TC003_CheckoutTest -->
